<?xml version="1.0" encoding="UTF-8"?>
<!-- Generated by org.testng.reporters.JUnitReportReporter -->
<testsuite hostname="YISC1101933LT" failures="0" tests="4" name="org.example._22OrangeHRMTest" time="11.668" errors="0" timestamp="2025-07-04T11:37:29 IST" skipped="0">
  <testcase classname="org.example._22OrangeHRMTest" name="open_app" time="6.057"/>
  <testcase classname="org.example._22OrangeHRMTest" name="test_logo" time="1.254"/>
  <testcase classname="org.example._22OrangeHRMTest" name="login" time="0.199"/>
  <testcase classname="org.example._22OrangeHRMTest" name="logout" time="4.158"/>
</testsuite> <!-- org.example._22OrangeHRMTest -->
